app/build/intermediates/manifest_merge_blame_file/debug/manifest-merger-blame-debug-report.txt
1<?xml version="1.0" encoding="utf-8"?>
2<manifest xmlns:android="http://schemas.android.com/apk/res/android"
3    package="com.centerprime.hanpassethereum"
4    android:versionCode="1"
5    android:versionName="1.0" >
6
7    <uses-sdk
8        android:minSdkVersion="16"
8-->src/main/AndroidManifest.xml
9        android:targetSdkVersion="29" />
9-->src/main/AndroidManifest.xml
10
11    <uses-permission android:name="android.permission.INTERNET" />
11-->src/main/AndroidManifest.xml:4:5-66
11-->src/main/AndroidManifest.xml:4:22-64
12
13    <application
13-->src/main/AndroidManifest.xml:5:5-21:19
14        android:name="android.support.multidex.MultiDexApplication"
15        android:allowBackup="true"
15-->src/main/AndroidManifest.xml:6:9-35
16        android:appComponentFactory="android.support.v4.app.CoreComponentFactory"
16-->[com.android.support:support-compat:28.0.0] AndroidManifest.xml:22:18-91
17        android:debuggable="true"
18        android:icon="@mipmap/ic_launcher"
18-->src/main/AndroidManifest.xml:7:9-43
19        android:label="@string/app_name"
19-->src/main/AndroidManifest.xml:8:9-41
20        android:networkSecurityConfig="@xml/network_security_config"
20-->src/main/AndroidManifest.xml:12:9-69
21        android:roundIcon="@mipmap/ic_launcher_round"
21-->src/main/AndroidManifest.xml:9:9-54
22        android:supportsRtl="true"
22-->src/main/AndroidManifest.xml:11:9-35
23        android:testOnly="true"
24        android:theme="@style/Theme.HanpassEthereum"
24-->src/main/AndroidManifest.xml:13:9-53
25        android:usesCleartextTraffic="true" >
25-->src/main/AndroidManifest.xml:10:9-44
26        <activity android:name="com.centerprime.hanpassethereum.MainActivity" >
26-->src/main/AndroidManifest.xml:14:9-20:20
26-->src/main/AndroidManifest.xml:14:19-47
27            <intent-filter>
27-->src/main/AndroidManifest.xml:15:13-19:29
28                <action android:name="android.intent.action.MAIN" />
28-->src/main/AndroidManifest.xml:16:17-69
28-->src/main/AndroidManifest.xml:16:25-66
29
30                <category android:name="android.intent.category.LAUNCHER" />
30-->src/main/AndroidManifest.xml:18:17-77
30-->src/main/AndroidManifest.xml:18:27-74
31            </intent-filter>
32        </activity>
33    </application>
34
35</manifest>